<?xml version="1.0" encoding="UTF-8"?>
<!-- Generated by org.testng.reporters.JUnitXMLReporter -->
<testsuite ignored="14" hostname="Leon" failures="56" tests="56" name="Stars-Automation-Test" time="29.083" errors="0" timestamp="2020-07-15T16:01:00 ICT">
  <testcase classname="Testcase.ChangePasswordOne" name="ChangePassword_TCCP01" time="2.442">
    <failure type="java.lang.NullPointerException">
        <![CDATA[java.lang.NullPointerException
at Testcase.BaseClass.sendKeyById(BaseClass.java:76)
at Testcase.BaseClass.loginStaff(BaseClass.java:167)
at Testcase.ChangePasswordOne.ChangePassword_TCCP01(ChangePassword.java:12)
at java.base/java.util.ArrayList.forEach(ArrayList.java:1507)
at com.intellij.rt.testng.IDEARemoteTestNG.run(IDEARemoteTestNG.java:66)
at com.intellij.rt.testng.RemoteTestNGStarter.main(RemoteTestNGStarter.java:110)
... Removed 24 stack frames]]>
    </failure>
  </testcase> <!-- ChangePassword_TCCP01 -->
  <testcase classname="Testcase.Login" name="logIn_TCLI01" time="0.0">
    <failure type="java.lang.NullPointerException">
      <![CDATA[java.lang.NullPointerException
at Testcase.Login.logIn_TCLI01(Login.java:12)
at java.base/java.util.ArrayList.forEach(ArrayList.java:1507)
at com.intellij.rt.testng.IDEARemoteTestNG.run(IDEARemoteTestNG.java:66)
at com.intellij.rt.testng.RemoteTestNGStarter.main(RemoteTestNGStarter.java:110)
... Removed 24 stack frames]]>
    </failure>
  </testcase> <!-- logIn_TCLI01 -->
  <testcase classname="Testcase.Login" name="logIn_TCLI02" time="0.0">
    <failure type="java.lang.NullPointerException">
      <![CDATA[java.lang.NullPointerException
at Testcase.Login.logIn_TCLI02(Login.java:25)
at java.base/java.util.ArrayList.forEach(ArrayList.java:1507)
at com.intellij.rt.testng.IDEARemoteTestNG.run(IDEARemoteTestNG.java:66)
at com.intellij.rt.testng.RemoteTestNGStarter.main(RemoteTestNGStarter.java:110)
... Removed 24 stack frames]]>
    </failure>
  </testcase> <!-- logIn_TCLI02 -->
  <testcase classname="Testcase.Login" name="logIn_TCLI03" time="0.0">
    <failure type="java.lang.NullPointerException">
      <![CDATA[java.lang.NullPointerException
at Testcase.Login.logIn_TCLI03(Login.java:41)
at java.base/java.util.ArrayList.forEach(ArrayList.java:1507)
at com.intellij.rt.testng.IDEARemoteTestNG.run(IDEARemoteTestNG.java:66)
at com.intellij.rt.testng.RemoteTestNGStarter.main(RemoteTestNGStarter.java:110)
... Removed 24 stack frames]]>
    </failure>
  </testcase> <!-- logIn_TCLI03 -->
  <testcase classname="Testcase.Login" name="logIn_TCLI04" time="0.001">
    <failure type="java.lang.NullPointerException">
      <![CDATA[java.lang.NullPointerException
at Testcase.BaseClass.sendKeyById(BaseClass.java:76)
at Testcase.Login.logIn_TCLI04(Login.java:75)
at java.base/java.util.ArrayList.forEach(ArrayList.java:1507)
at com.intellij.rt.testng.IDEARemoteTestNG.run(IDEARemoteTestNG.java:66)
at com.intellij.rt.testng.RemoteTestNGStarter.main(RemoteTestNGStarter.java:110)
... Removed 24 stack frames]]>
    </failure>
  </testcase> <!-- logIn_TCLI04 -->
  <testcase classname="Testcase.Login" name="logIn_TCLI05" time="0.0">
    <failure type="java.lang.NullPointerException">
      <![CDATA[java.lang.NullPointerException
at Testcase.BaseClass.sendKeyById(BaseClass.java:76)
at Testcase.Login.logIn_TCLI05(Login.java:88)
at java.base/java.util.ArrayList.forEach(ArrayList.java:1507)
at com.intellij.rt.testng.IDEARemoteTestNG.run(IDEARemoteTestNG.java:66)
at com.intellij.rt.testng.RemoteTestNGStarter.main(RemoteTestNGStarter.java:110)
... Removed 24 stack frames]]>
    </failure>
  </testcase> <!-- logIn_TCLI05 -->
  <testcase classname="Testcase.Login" name="logIn_TCLI06" time="0.001">
    <failure type="java.lang.NullPointerException">
      <![CDATA[java.lang.NullPointerException
at Testcase.BaseClass.sendKeyById(BaseClass.java:76)
at Testcase.Login.logIn_TCLI06(Login.java:96)
at java.base/java.util.ArrayList.forEach(ArrayList.java:1507)
at com.intellij.rt.testng.IDEARemoteTestNG.run(IDEARemoteTestNG.java:66)
at com.intellij.rt.testng.RemoteTestNGStarter.main(RemoteTestNGStarter.java:110)
... Removed 24 stack frames]]>
    </failure>
  </testcase> <!-- logIn_TCLI06 -->
  <testcase classname="Testcase.Login" name="logIn_TCLI07" time="0.001">
    <failure type="java.lang.NullPointerException">
      <![CDATA[java.lang.NullPointerException
at Testcase.BaseClass.sendKeyById(BaseClass.java:76)
at Testcase.Login.logIn_TCLI07(Login.java:104)
at java.base/java.util.ArrayList.forEach(ArrayList.java:1507)
at com.intellij.rt.testng.IDEARemoteTestNG.run(IDEARemoteTestNG.java:66)
at com.intellij.rt.testng.RemoteTestNGStarter.main(RemoteTestNGStarter.java:110)
... Removed 24 stack frames]]>
    </failure>
  </testcase> <!-- logIn_TCLI07 -->
  <testcase classname="Testcase.Login" name="logIn_TCLI08" time="0.0">
    <failure type="java.lang.NullPointerException">
      <![CDATA[java.lang.NullPointerException
at Testcase.Login.logIn_TCLI08(Login.java:117)
at java.base/java.util.ArrayList.forEach(ArrayList.java:1507)
at com.intellij.rt.testng.IDEARemoteTestNG.run(IDEARemoteTestNG.java:66)
at com.intellij.rt.testng.RemoteTestNGStarter.main(RemoteTestNGStarter.java:110)
... Removed 24 stack frames]]>
    </failure>
  </testcase> <!-- logIn_TCLI08 -->
  <testcase classname="Testcase.Login" name="logIn_TCLI09" time="0.0">
    <failure type="java.lang.NullPointerException">
      <![CDATA[java.lang.NullPointerException
at Testcase.BaseClass.sendKeyById(BaseClass.java:76)
at Testcase.Login.logIn_TCLI09(Login.java:130)
at java.base/java.util.ArrayList.forEach(ArrayList.java:1507)
at com.intellij.rt.testng.IDEARemoteTestNG.run(IDEARemoteTestNG.java:66)
at com.intellij.rt.testng.RemoteTestNGStarter.main(RemoteTestNGStarter.java:110)
... Removed 24 stack frames]]>
    </failure>
  </testcase> <!-- logIn_TCLI09 -->
  <testcase classname="Testcase.Login" name="logIn_TCLI10" time="0.001">
    <failure type="java.lang.NullPointerException">
      <![CDATA[java.lang.NullPointerException
at Testcase.BaseClass.clickById(BaseClass.java:71)
at Testcase.Login.logIn_TCLI10(Login.java:163)
at java.base/java.util.ArrayList.forEach(ArrayList.java:1507)
at com.intellij.rt.testng.IDEARemoteTestNG.run(IDEARemoteTestNG.java:66)
at com.intellij.rt.testng.RemoteTestNGStarter.main(RemoteTestNGStarter.java:110)
... Removed 24 stack frames]]>
    </failure>
  </testcase> <!-- logIn_TCLI10 -->
  <testcase classname="Testcase.MainScreen" name="mainScreen_TCMC01" time="0.136">
    <failure type="java.lang.NullPointerException">
      <![CDATA[java.lang.NullPointerException
at Testcase.BaseClass.sendKeyById(BaseClass.java:76)
at Testcase.BaseClass.loginStaff(BaseClass.java:167)
at Testcase.MainScreen.mainScreen_TCMC01(MainScreen.java:13)
at java.base/java.util.ArrayList.forEach(ArrayList.java:1507)
at com.intellij.rt.testng.IDEARemoteTestNG.run(IDEARemoteTestNG.java:66)
at com.intellij.rt.testng.RemoteTestNGStarter.main(RemoteTestNGStarter.java:110)
... Removed 24 stack frames]]>
    </failure>
  </testcase> <!-- mainScreen_TCMC01 -->
  <testcase classname="Testcase.MainScreen" name="mainScreen_TCMS01" time="0.0">
    <failure type="java.lang.NullPointerException">
      <![CDATA[java.lang.NullPointerException
at Testcase.BaseClass.scrollUsingTouchAction(BaseClass.java:138)
at Testcase.MainScreen.mainScreen_TCMS01(MainScreen.java:26)
at java.base/java.util.ArrayList.forEach(ArrayList.java:1507)
at com.intellij.rt.testng.IDEARemoteTestNG.run(IDEARemoteTestNG.java:66)
at com.intellij.rt.testng.RemoteTestNGStarter.main(RemoteTestNGStarter.java:110)
... Removed 24 stack frames]]>
    </failure>
  </testcase> <!-- mainScreen_TCMS01 -->
  <testcase classname="Testcase.MainScreen" name="mainScreen_TCMS02" time="0.062">
    <failure type="java.lang.NullPointerException">
      <![CDATA[java.lang.NullPointerException
at Testcase.BaseClass.getText(BaseClass.java:86)
at Testcase.MainScreen.mainScreen_TCMS02(MainScreen.java:44)
at java.base/java.util.ArrayList.forEach(ArrayList.java:1507)
at com.intellij.rt.testng.IDEARemoteTestNG.run(IDEARemoteTestNG.java:66)
at com.intellij.rt.testng.RemoteTestNGStarter.main(RemoteTestNGStarter.java:110)
... Removed 24 stack frames]]>
    </failure>
  </testcase> <!-- mainScreen_TCMS02 -->
  <testcase classname="Testcase.MainScreen" name="mainScreen_TCMS03" time="0.078">
    <failure type="java.lang.NullPointerException">
      <![CDATA[java.lang.NullPointerException
at Testcase.BaseClass.getText(BaseClass.java:86)
at Testcase.MainScreen.mainScreen_TCMS03(MainScreen.java:53)
at java.base/java.util.ArrayList.forEach(ArrayList.java:1507)
at com.intellij.rt.testng.IDEARemoteTestNG.run(IDEARemoteTestNG.java:66)
at com.intellij.rt.testng.RemoteTestNGStarter.main(RemoteTestNGStarter.java:110)
... Removed 24 stack frames]]>
    </failure>
  </testcase> <!-- mainScreen_TCMS03 -->
  <testcase classname="Testcase.MainScreen" name="mainScreen_TCMS04" time="0.177">
    <failure type="java.lang.NullPointerException">
      <![CDATA[java.lang.NullPointerException
at Testcase.BaseClass.getText(BaseClass.java:86)
at Testcase.MainScreen.mainScreen_TCMS04(MainScreen.java:60)
at java.base/java.util.ArrayList.forEach(ArrayList.java:1507)
at com.intellij.rt.testng.IDEARemoteTestNG.run(IDEARemoteTestNG.java:66)
at com.intellij.rt.testng.RemoteTestNGStarter.main(RemoteTestNGStarter.java:110)
... Removed 24 stack frames]]>
    </failure>
  </testcase> <!-- mainScreen_TCMS04 -->
  <testcase classname="Testcase.MainScreen" name="mainScreen_TCMS05" time="0.005">
    <failure type="java.lang.NullPointerException">
      <![CDATA[java.lang.NullPointerException
at Testcase.BaseClass.clickById(BaseClass.java:71)
at Testcase.MainScreen.mainScreen_TCMS05(MainScreen.java:66)
at java.base/java.util.ArrayList.forEach(ArrayList.java:1507)
at com.intellij.rt.testng.IDEARemoteTestNG.run(IDEARemoteTestNG.java:66)
at com.intellij.rt.testng.RemoteTestNGStarter.main(RemoteTestNGStarter.java:110)
... Removed 24 stack frames]]>
    </failure>
  </testcase> <!-- mainScreen_TCMS05 -->
  <testcase classname="Testcase.MainScreen" name="mainScreen_TCMS09" time="0.003">
    <failure type="java.lang.NullPointerException">
      <![CDATA[java.lang.NullPointerException
at Testcase.BaseClass.clickById(BaseClass.java:71)
at Testcase.MainScreen.mainScreen_TCMS09(MainScreen.java:74)
at java.base/java.util.ArrayList.forEach(ArrayList.java:1507)
at com.intellij.rt.testng.IDEARemoteTestNG.run(IDEARemoteTestNG.java:66)
at com.intellij.rt.testng.RemoteTestNGStarter.main(RemoteTestNGStarter.java:110)
... Removed 24 stack frames]]>
    </failure>
  </testcase> <!-- mainScreen_TCMS09 -->
  <testcase classname="Testcase.MainScreen" name="mainScreen_TCMS10" time="0.006">
    <failure type="java.lang.NullPointerException">
      <![CDATA[java.lang.NullPointerException
at Testcase.BaseClass.clickById(BaseClass.java:71)
at Testcase.MainScreen.mainScreen_TCMS10(MainScreen.java:82)
at java.base/java.util.ArrayList.forEach(ArrayList.java:1507)
at com.intellij.rt.testng.IDEARemoteTestNG.run(IDEARemoteTestNG.java:66)
at com.intellij.rt.testng.RemoteTestNGStarter.main(RemoteTestNGStarter.java:110)
... Removed 24 stack frames]]>
    </failure>
  </testcase> <!-- mainScreen_TCMS10 -->
  <testcase classname="Testcase.MainScreen" name="mainScreen_TCMS11" time="0.001">
    <failure type="java.lang.NullPointerException">
      <![CDATA[java.lang.NullPointerException
at Testcase.BaseClass.clickById(BaseClass.java:71)
at Testcase.MainScreen.mainScreen_TCMS11(MainScreen.java:92)
at java.base/java.util.ArrayList.forEach(ArrayList.java:1507)
at com.intellij.rt.testng.IDEARemoteTestNG.run(IDEARemoteTestNG.java:66)
at com.intellij.rt.testng.RemoteTestNGStarter.main(RemoteTestNGStarter.java:110)
... Removed 24 stack frames]]>
    </failure>
  </testcase> <!-- mainScreen_TCMS11 -->
  <testcase classname="Testcase.MainScreen" name="mainScreen_TCMS13" time="0.001">
    <failure type="java.lang.NullPointerException">
      <![CDATA[java.lang.NullPointerException
at Testcase.BaseClass.clickById(BaseClass.java:71)
at Testcase.MainScreen.mainScreen_TCMS13(MainScreen.java:174)
at java.base/java.util.ArrayList.forEach(ArrayList.java:1507)
at com.intellij.rt.testng.IDEARemoteTestNG.run(IDEARemoteTestNG.java:66)
at com.intellij.rt.testng.RemoteTestNGStarter.main(RemoteTestNGStarter.java:110)
... Removed 24 stack frames]]>
    </failure>
  </testcase> <!-- mainScreen_TCMS13 -->
  <testcase classname="Testcase.MainScreen" name="mainScreen_TCMS14" time="0.001">
    <failure type="java.lang.NullPointerException">
      <![CDATA[java.lang.NullPointerException
at Testcase.BaseClass.clickXpathElement(BaseClass.java:81)
at Testcase.MainScreen.mainScreen_TCMS14(MainScreen.java:184)
at java.base/java.util.ArrayList.forEach(ArrayList.java:1507)
at com.intellij.rt.testng.IDEARemoteTestNG.run(IDEARemoteTestNG.java:66)
at com.intellij.rt.testng.RemoteTestNGStarter.main(RemoteTestNGStarter.java:110)
... Removed 24 stack frames]]>
    </failure>
  </testcase> <!-- mainScreen_TCMS14 -->
  <testcase classname="Testcase.MainScreen" name="mainScreen_TCMS15" time="0.0">
    <failure type="java.lang.NullPointerException">
      <![CDATA[java.lang.NullPointerException
at Testcase.BaseClass.clickById(BaseClass.java:71)
at Testcase.MainScreen.mainScreen_TCMS15(MainScreen.java:194)
at java.base/java.util.ArrayList.forEach(ArrayList.java:1507)
at com.intellij.rt.testng.IDEARemoteTestNG.run(IDEARemoteTestNG.java:66)
at com.intellij.rt.testng.RemoteTestNGStarter.main(RemoteTestNGStarter.java:110)
... Removed 24 stack frames]]>
    </failure>
  </testcase> <!-- mainScreen_TCMS15 -->
  <testcase classname="Testcase.MainScreen" name="mainScreen_TCMS16" time="0.001">
    <failure type="java.lang.NullPointerException">
      <![CDATA[java.lang.NullPointerException
at Testcase.BaseClass.clickXpathElement(BaseClass.java:81)
at Testcase.MainScreen.mainScreen_TCMS16(MainScreen.java:205)
at java.base/java.util.ArrayList.forEach(ArrayList.java:1507)
at com.intellij.rt.testng.IDEARemoteTestNG.run(IDEARemoteTestNG.java:66)
at com.intellij.rt.testng.RemoteTestNGStarter.main(RemoteTestNGStarter.java:110)
... Removed 24 stack frames]]>
    </failure>
  </testcase> <!-- mainScreen_TCMS16 -->
  <testcase classname="Testcase.MainScreen" name="mainScreen_TCMS18" time="0.0">
    <failure type="java.lang.NullPointerException">
      <![CDATA[java.lang.NullPointerException
at Testcase.BaseClass.scrollUsingTouchAction(BaseClass.java:138)
at Testcase.MainScreen.mainScreen_TCMS18(MainScreen.java:213)
at java.base/java.util.ArrayList.forEach(ArrayList.java:1507)
at com.intellij.rt.testng.IDEARemoteTestNG.run(IDEARemoteTestNG.java:66)
at com.intellij.rt.testng.RemoteTestNGStarter.main(RemoteTestNGStarter.java:110)
... Removed 24 stack frames]]>
    </failure>
  </testcase> <!-- mainScreen_TCMS18 -->
  <testcase classname="Testcase.MainScreen" name="mainScreen_TCMS20" time="0.0">
    <failure type="java.lang.NullPointerException">
      <![CDATA[java.lang.NullPointerException
at Testcase.BaseClass.scrollUsingTouchAction(BaseClass.java:138)
at Testcase.MainScreen.mainScreen_TCMS20(MainScreen.java:220)
at java.base/java.util.ArrayList.forEach(ArrayList.java:1507)
at com.intellij.rt.testng.IDEARemoteTestNG.run(IDEARemoteTestNG.java:66)
at com.intellij.rt.testng.RemoteTestNGStarter.main(RemoteTestNGStarter.java:110)
... Removed 24 stack frames]]>
    </failure>
  </testcase> <!-- mainScreen_TCMS20 -->
  <testcase classname="Testcase.MainScreen" name="mainScreen_TCMS21" time="0.13">
    <failure type="java.lang.NullPointerException">
      <![CDATA[java.lang.NullPointerException
at Testcase.BaseClass.getText(BaseClass.java:86)
at Testcase.MainScreen.mainScreen_TCMS21(MainScreen.java:232)
at java.base/java.util.ArrayList.forEach(ArrayList.java:1507)
at com.intellij.rt.testng.IDEARemoteTestNG.run(IDEARemoteTestNG.java:66)
at com.intellij.rt.testng.RemoteTestNGStarter.main(RemoteTestNGStarter.java:110)
... Removed 24 stack frames]]>
    </failure>
  </testcase> <!-- mainScreen_TCMS21 -->
  <testcase classname="Testcase.MainScreen" name="mainScreen_TCMS22" time="0.001">
    <failure type="java.lang.NullPointerException">
      <![CDATA[java.lang.NullPointerException
at Testcase.BaseClass.clickById(BaseClass.java:71)
at Testcase.MainScreen.mainScreen_TCMS22(MainScreen.java:241)
at java.base/java.util.ArrayList.forEach(ArrayList.java:1507)
at com.intellij.rt.testng.IDEARemoteTestNG.run(IDEARemoteTestNG.java:66)
at com.intellij.rt.testng.RemoteTestNGStarter.main(RemoteTestNGStarter.java:110)
... Removed 24 stack frames]]>
    </failure>
  </testcase> <!-- mainScreen_TCMS22 -->
  <testcase classname="Testcase.MainScreen" name="mainScreen_TCMS23" time="0.0">
    <failure type="java.lang.NullPointerException">
      <![CDATA[java.lang.NullPointerException
at Testcase.BaseClass.getText(BaseClass.java:86)
at Testcase.MainScreen.mainScreen_TCMS23(MainScreen.java:251)
at java.base/java.util.ArrayList.forEach(ArrayList.java:1507)
at com.intellij.rt.testng.IDEARemoteTestNG.run(IDEARemoteTestNG.java:66)
at com.intellij.rt.testng.RemoteTestNGStarter.main(RemoteTestNGStarter.java:110)
... Removed 24 stack frames]]>
    </failure>
  </testcase> <!-- mainScreen_TCMS23 -->
  <testcase classname="Testcase.MainScreen" name="mainScreen_TCMS24" time="0.006">
    <failure type="java.lang.NullPointerException">
      <![CDATA[java.lang.NullPointerException
at Testcase.MainScreen.mainScreen_TCMS24(MainScreen.java:261)
at java.base/java.util.ArrayList.forEach(ArrayList.java:1507)
at com.intellij.rt.testng.IDEARemoteTestNG.run(IDEARemoteTestNG.java:66)
at com.intellij.rt.testng.RemoteTestNGStarter.main(RemoteTestNGStarter.java:110)
... Removed 24 stack frames]]>
    </failure>
  </testcase> <!-- mainScreen_TCMS24 -->
  <testcase classname="Testcase.PrizeDetails" name="prizeDetails_TCPD01" time="0.103">
    <failure type="java.lang.NullPointerException">
      <![CDATA[java.lang.NullPointerException
at Testcase.BaseClass.sendKeyById(BaseClass.java:76)
at Testcase.BaseClass.loginStaff(BaseClass.java:167)
at Testcase.PrizeDetails.prizeDetails_TCPD01(PrizeDetails.java:11)
at java.base/java.util.ArrayList.forEach(ArrayList.java:1507)
at com.intellij.rt.testng.IDEARemoteTestNG.run(IDEARemoteTestNG.java:66)
at com.intellij.rt.testng.RemoteTestNGStarter.main(RemoteTestNGStarter.java:110)
... Removed 24 stack frames]]>
    </failure>
  </testcase> <!-- prizeDetails_TCPD01 -->
  <testcase classname="Testcase.PrizeDetails" name="prizeDetails_TCPD02" time="0.0">
    <failure type="java.lang.NullPointerException">
      <![CDATA[java.lang.NullPointerException
at Testcase.BaseClass.getText(BaseClass.java:86)
at Testcase.PrizeDetails.prizeDetails_TCPD02(PrizeDetails.java:20)
at java.base/java.util.ArrayList.forEach(ArrayList.java:1507)
at com.intellij.rt.testng.IDEARemoteTestNG.run(IDEARemoteTestNG.java:66)
at com.intellij.rt.testng.RemoteTestNGStarter.main(RemoteTestNGStarter.java:110)
... Removed 24 stack frames]]>
    </failure>
  </testcase> <!-- prizeDetails_TCPD02 -->
  <testcase classname="Testcase.PrizeDetails" name="prizeDetails_TCPD03" time="0.001">
    <failure type="java.lang.NullPointerException">
      <![CDATA[java.lang.NullPointerException
at Testcase.BaseClass.getText(BaseClass.java:86)
at Testcase.PrizeDetails.prizeDetails_TCPD03(PrizeDetails.java:26)
at java.base/java.util.ArrayList.forEach(ArrayList.java:1507)
at com.intellij.rt.testng.IDEARemoteTestNG.run(IDEARemoteTestNG.java:66)
at com.intellij.rt.testng.RemoteTestNGStarter.main(RemoteTestNGStarter.java:110)
... Removed 24 stack frames]]>
    </failure>
  </testcase> <!-- prizeDetails_TCPD03 -->
  <testcase classname="Testcase.PrizeDetails" name="prizeDetails_TCPD04" time="0.0">
    <failure type="java.lang.NullPointerException">
      <![CDATA[java.lang.NullPointerException
at Testcase.BaseClass.clickById(BaseClass.java:71)
at Testcase.PrizeDetails.prizeDetails_TCPD04(PrizeDetails.java:33)
at java.base/java.util.ArrayList.forEach(ArrayList.java:1507)
at com.intellij.rt.testng.IDEARemoteTestNG.run(IDEARemoteTestNG.java:66)
at com.intellij.rt.testng.RemoteTestNGStarter.main(RemoteTestNGStarter.java:110)
... Removed 24 stack frames]]>
    </failure>
  </testcase> <!-- prizeDetails_TCPD04 -->
  <testcase classname="Testcase.PrizeDetails" name="prizeDetails_TCPD05" time="0.001">
    <failure type="java.lang.NullPointerException">
      <![CDATA[java.lang.NullPointerException
at Testcase.BaseClass.clickById(BaseClass.java:71)
at Testcase.PrizeDetails.prizeDetails_TCPD05(PrizeDetails.java:40)
at java.base/java.util.ArrayList.forEach(ArrayList.java:1507)
at com.intellij.rt.testng.IDEARemoteTestNG.run(IDEARemoteTestNG.java:66)
at com.intellij.rt.testng.RemoteTestNGStarter.main(RemoteTestNGStarter.java:110)
... Removed 24 stack frames]]>
    </failure>
  </testcase> <!-- prizeDetails_TCPD05 -->
  <testcase classname="Testcase.PrizesToRedeem" name="prize_TCRI01" time="0.155">
    <failure type="java.lang.NullPointerException">
      <![CDATA[java.lang.NullPointerException
at Testcase.BaseClass.sendKeyById(BaseClass.java:76)
at Testcase.BaseClass.loginStaff(BaseClass.java:167)
at Testcase.PrizesToRedeem.prize_TCRI01(PrizesToRedeem.java:10)
at java.base/java.util.ArrayList.forEach(ArrayList.java:1507)
at com.intellij.rt.testng.IDEARemoteTestNG.run(IDEARemoteTestNG.java:66)
at com.intellij.rt.testng.RemoteTestNGStarter.main(RemoteTestNGStarter.java:110)
... Removed 24 stack frames]]>
    </failure>
  </testcase> <!-- prize_TCRI01 -->
  <testcase classname="Testcase.PrizesToRedeem" name="prize_TCRI02" time="0.0">
    <failure type="java.lang.NullPointerException">
      <![CDATA[java.lang.NullPointerException
at Testcase.BaseClass.getTextByXpath(BaseClass.java:91)
at Testcase.PrizesToRedeem.prize_TCRI02(PrizesToRedeem.java:21)
at java.base/java.util.ArrayList.forEach(ArrayList.java:1507)
at com.intellij.rt.testng.IDEARemoteTestNG.run(IDEARemoteTestNG.java:66)
at com.intellij.rt.testng.RemoteTestNGStarter.main(RemoteTestNGStarter.java:110)
... Removed 24 stack frames]]>
    </failure>
  </testcase> <!-- prize_TCRI02 -->
  <testcase classname="Testcase.PrizesToRedeem" name="prize_TCRI03" time="0.002">
    <failure type="java.lang.NullPointerException">
      <![CDATA[java.lang.NullPointerException
at Testcase.BaseClass.clickById(BaseClass.java:71)
at Testcase.PrizesToRedeem.prize_TCRI03(PrizesToRedeem.java:36)
at java.base/java.util.ArrayList.forEach(ArrayList.java:1507)
at com.intellij.rt.testng.IDEARemoteTestNG.run(IDEARemoteTestNG.java:66)
at com.intellij.rt.testng.RemoteTestNGStarter.main(RemoteTestNGStarter.java:110)
... Removed 24 stack frames]]>
    </failure>
  </testcase> <!-- prize_TCRI03 -->
  <testcase classname="Testcase.PrizesToRedeem" name="prize_TCRI04" time="0.001">
    <failure type="java.lang.NullPointerException">
      <![CDATA[java.lang.NullPointerException
at Testcase.BaseClass.sendKeyById(BaseClass.java:76)
at Testcase.PrizesToRedeem.prize_TCRI04(PrizesToRedeem.java:41)
at java.base/java.util.ArrayList.forEach(ArrayList.java:1507)
at com.intellij.rt.testng.IDEARemoteTestNG.run(IDEARemoteTestNG.java:66)
at com.intellij.rt.testng.RemoteTestNGStarter.main(RemoteTestNGStarter.java:110)
... Removed 24 stack frames]]>
    </failure>
  </testcase> <!-- prize_TCRI04 -->
  <testcase classname="Testcase.PrizesToRedeem" name="prize_TCRI05" time="0.001">
    <failure type="java.lang.NullPointerException">
      <![CDATA[java.lang.NullPointerException
at Testcase.BaseClass.waitImplicitly(BaseClass.java:157)
at Testcase.PrizesToRedeem.prize_TCRI05(PrizesToRedeem.java:65)
at java.base/java.util.ArrayList.forEach(ArrayList.java:1507)
at com.intellij.rt.testng.IDEARemoteTestNG.run(IDEARemoteTestNG.java:66)
at com.intellij.rt.testng.RemoteTestNGStarter.main(RemoteTestNGStarter.java:110)
... Removed 24 stack frames]]>
    </failure>
  </testcase> <!-- prize_TCRI05 -->
  <testcase classname="Testcase.PrizesToRedeem" name="prize_TCRI06" time="0.0">
    <failure type="java.lang.NullPointerException">
      <![CDATA[java.lang.NullPointerException
at Testcase.BaseClass.clickById(BaseClass.java:71)
at Testcase.PrizesToRedeem.prize_TCRI06(PrizesToRedeem.java:86)
at java.base/java.util.ArrayList.forEach(ArrayList.java:1507)
at com.intellij.rt.testng.IDEARemoteTestNG.run(IDEARemoteTestNG.java:66)
at com.intellij.rt.testng.RemoteTestNGStarter.main(RemoteTestNGStarter.java:110)
... Removed 24 stack frames]]>
    </failure>
  </testcase> <!-- prize_TCRI06 -->
  <testcase classname="Testcase.PrizesToRedeem" name="prize_TCRI07" time="0.001">
    <failure type="java.lang.NullPointerException">
      <![CDATA[java.lang.NullPointerException
at Testcase.BaseClass.clickById(BaseClass.java:71)
at Testcase.PrizesToRedeem.prize_TCRI07(PrizesToRedeem.java:93)
at java.base/java.util.ArrayList.forEach(ArrayList.java:1507)
at com.intellij.rt.testng.IDEARemoteTestNG.run(IDEARemoteTestNG.java:66)
at com.intellij.rt.testng.RemoteTestNGStarter.main(RemoteTestNGStarter.java:110)
... Removed 24 stack frames]]>
    </failure>
  </testcase> <!-- prize_TCRI07 -->
  <testcase classname="Testcase.StaffList" name="staffList_TCSL01" time="0.149">
    <failure type="java.lang.NullPointerException">
      <![CDATA[java.lang.NullPointerException
at Testcase.BaseClass.sendKeyById(BaseClass.java:76)
at Testcase.BaseClass.loginStaff(BaseClass.java:167)
at Testcase.StaffList.staffList_TCSL01(StaffList.java:10)
at java.base/java.util.ArrayList.forEach(ArrayList.java:1507)
at com.intellij.rt.testng.IDEARemoteTestNG.run(IDEARemoteTestNG.java:66)
at com.intellij.rt.testng.RemoteTestNGStarter.main(RemoteTestNGStarter.java:110)
... Removed 24 stack frames]]>
    </failure>
  </testcase> <!-- staffList_TCSL01 -->
  <testcase classname="Testcase.StaffList" name="staffList_TCSL02" time="0.001">
    <failure type="java.lang.NullPointerException">
      <![CDATA[java.lang.NullPointerException
at Testcase.BaseClass.getTextByXpath(BaseClass.java:91)
at Testcase.StaffList.staffList_TCSL02(StaffList.java:22)
at java.base/java.util.ArrayList.forEach(ArrayList.java:1507)
at com.intellij.rt.testng.IDEARemoteTestNG.run(IDEARemoteTestNG.java:66)
at com.intellij.rt.testng.RemoteTestNGStarter.main(RemoteTestNGStarter.java:110)
... Removed 24 stack frames]]>
    </failure>
  </testcase> <!-- staffList_TCSL02 -->
  <testcase classname="Testcase.StaffList" name="staffList_TCSL03" time="0.0">
    <failure type="java.lang.NullPointerException">
      <![CDATA[java.lang.NullPointerException
at Testcase.BaseClass.getTextByXpath(BaseClass.java:91)
at Testcase.StaffList.staffList_TCSL03(StaffList.java:38)
at java.base/java.util.ArrayList.forEach(ArrayList.java:1507)
at com.intellij.rt.testng.IDEARemoteTestNG.run(IDEARemoteTestNG.java:66)
at com.intellij.rt.testng.RemoteTestNGStarter.main(RemoteTestNGStarter.java:110)
... Removed 24 stack frames]]>
    </failure>
  </testcase> <!-- staffList_TCSL03 -->
  <testcase classname="Testcase.StaffList" name="staffList_TCSL04" time="0.002">
    <failure type="java.lang.NullPointerException">
      <![CDATA[java.lang.NullPointerException
at Testcase.BaseClass.getTextByXpath(BaseClass.java:91)
at Testcase.StaffList.staffList_TCSL04(StaffList.java:48)
at java.base/java.util.ArrayList.forEach(ArrayList.java:1507)
at com.intellij.rt.testng.IDEARemoteTestNG.run(IDEARemoteTestNG.java:66)
at com.intellij.rt.testng.RemoteTestNGStarter.main(RemoteTestNGStarter.java:110)
... Removed 24 stack frames]]>
    </failure>
  </testcase> <!-- staffList_TCSL04 -->
  <testcase classname="Testcase.StaffList" name="staffList_TCSL06" time="0.0">
    <failure type="java.lang.NullPointerException">
      <![CDATA[java.lang.NullPointerException
at Testcase.BaseClass.getTextByXpath(BaseClass.java:91)
at Testcase.StaffList.staffList_TCSL06(StaffList.java:63)
at java.base/java.util.ArrayList.forEach(ArrayList.java:1507)
at com.intellij.rt.testng.IDEARemoteTestNG.run(IDEARemoteTestNG.java:66)
at com.intellij.rt.testng.RemoteTestNGStarter.main(RemoteTestNGStarter.java:110)
... Removed 24 stack frames]]>
    </failure>
  </testcase> <!-- staffList_TCSL06 -->
  <testcase classname="Testcase.StaffList" name="staffList_TCSL07" time="0.0">
    <failure type="java.lang.NullPointerException">
      <![CDATA[java.lang.NullPointerException
at Testcase.BaseClass.clickById(BaseClass.java:71)
at Testcase.StaffList.staffList_TCSL07(StaffList.java:72)
at java.base/java.util.ArrayList.forEach(ArrayList.java:1507)
at com.intellij.rt.testng.IDEARemoteTestNG.run(IDEARemoteTestNG.java:66)
at com.intellij.rt.testng.RemoteTestNGStarter.main(RemoteTestNGStarter.java:110)
... Removed 24 stack frames]]>
    </failure>
  </testcase> <!-- staffList_TCSL07 -->
  <testcase classname="Testcase.StaffList" name="staffList_TCSL08" time="0.0">
    <failure type="java.lang.NullPointerException">
      <![CDATA[java.lang.NullPointerException
at Testcase.BaseClass.clickById(BaseClass.java:71)
at Testcase.StaffList.staffList_TCSL08(StaffList.java:79)
at java.base/java.util.ArrayList.forEach(ArrayList.java:1507)
at com.intellij.rt.testng.IDEARemoteTestNG.run(IDEARemoteTestNG.java:66)
at com.intellij.rt.testng.RemoteTestNGStarter.main(RemoteTestNGStarter.java:110)
... Removed 24 stack frames]]>
    </failure>
  </testcase> <!-- staffList_TCSL08 -->
  <testcase classname="Testcase.StaffList" name="staffList_TCSL09" time="0.0">
    <failure type="java.lang.NullPointerException">
      <![CDATA[java.lang.NullPointerException
at Testcase.BaseClass.clickById(BaseClass.java:71)
at Testcase.StaffList.staffList_TCSL09(StaffList.java:94)
at java.base/java.util.ArrayList.forEach(ArrayList.java:1507)
at com.intellij.rt.testng.IDEARemoteTestNG.run(IDEARemoteTestNG.java:66)
at com.intellij.rt.testng.RemoteTestNGStarter.main(RemoteTestNGStarter.java:110)
... Removed 24 stack frames]]>
    </failure>
  </testcase> <!-- staffList_TCSL09 -->
  <testcase classname="Testcase.StaffList" name="staffList_TCSL10" time="0.001">
    <failure type="java.lang.NullPointerException">
      <![CDATA[java.lang.NullPointerException
at Testcase.BaseClass.clickById(BaseClass.java:71)
at Testcase.StaffList.staffList_TCSL10(StaffList.java:100)
at java.base/java.util.ArrayList.forEach(ArrayList.java:1507)
at com.intellij.rt.testng.IDEARemoteTestNG.run(IDEARemoteTestNG.java:66)
at com.intellij.rt.testng.RemoteTestNGStarter.main(RemoteTestNGStarter.java:110)
... Removed 24 stack frames]]>
    </failure>
  </testcase> <!-- staffList_TCSL10 -->
  <testcase classname="Testcase.StaffList" name="staffList_TCSL11" time="0.0">
    <failure type="java.lang.NullPointerException">
      <![CDATA[java.lang.NullPointerException
at Testcase.BaseClass.clickById(BaseClass.java:71)
at Testcase.StaffList.staffList_TCSL11(StaffList.java:116)
at java.base/java.util.ArrayList.forEach(ArrayList.java:1507)
at com.intellij.rt.testng.IDEARemoteTestNG.run(IDEARemoteTestNG.java:66)
at com.intellij.rt.testng.RemoteTestNGStarter.main(RemoteTestNGStarter.java:110)
... Removed 24 stack frames]]>
    </failure>
  </testcase> <!-- staffList_TCSL11 -->
  <testcase classname="Testcase.StaffList" name="staffList_TCSL12" time="0.0">
    <failure type="java.lang.NullPointerException">
      <![CDATA[java.lang.NullPointerException
at Testcase.BaseClass.clickById(BaseClass.java:71)
at Testcase.StaffList.staffList_TCSL12(StaffList.java:127)
at java.base/java.util.ArrayList.forEach(ArrayList.java:1507)
at com.intellij.rt.testng.IDEARemoteTestNG.run(IDEARemoteTestNG.java:66)
at com.intellij.rt.testng.RemoteTestNGStarter.main(RemoteTestNGStarter.java:110)
... Removed 24 stack frames]]>
    </failure>
  </testcase> <!-- staffList_TCSL12 -->
  <testcase classname="Testcase.StaffList" name="staffList_TCSL13" time="0.001">
    <failure type="java.lang.NullPointerException">
      <![CDATA[java.lang.NullPointerException
at Testcase.BaseClass.clickById(BaseClass.java:71)
at Testcase.StaffList.staffList_TCSL13(StaffList.java:134)
at java.base/java.util.ArrayList.forEach(ArrayList.java:1507)
at com.intellij.rt.testng.IDEARemoteTestNG.run(IDEARemoteTestNG.java:66)
at com.intellij.rt.testng.RemoteTestNGStarter.main(RemoteTestNGStarter.java:110)
... Removed 24 stack frames]]>
    </failure>
  </testcase> <!-- staffList_TCSL13 -->
  <testcase classname="Testcase.StaffList" name="staffList_TCSL14" time="0.0">
    <failure type="java.lang.NullPointerException">
      <![CDATA[java.lang.NullPointerException
at Testcase.StaffList.staffList_TCSL14(StaffList.java:167)
at java.base/java.util.ArrayList.forEach(ArrayList.java:1507)
at com.intellij.rt.testng.IDEARemoteTestNG.run(IDEARemoteTestNG.java:66)
at com.intellij.rt.testng.RemoteTestNGStarter.main(RemoteTestNGStarter.java:110)
... Removed 24 stack frames]]>
    </failure>
  </testcase> <!-- staffList_TCSL14 -->
  <testcase classname="Testcase.TeamList" name="teamList_TCTL01" time="0.137">
    <failure type="java.lang.NullPointerException">
      <![CDATA[java.lang.NullPointerException
at Testcase.BaseClass.sendKeyById(BaseClass.java:76)
at Testcase.BaseClass.loginStaff(BaseClass.java:167)
at Testcase.TeamList.teamList_TCTL01(TeamList.java:14)
at java.base/java.util.ArrayList.forEach(ArrayList.java:1507)
at com.intellij.rt.testng.IDEARemoteTestNG.run(IDEARemoteTestNG.java:66)
at com.intellij.rt.testng.RemoteTestNGStarter.main(RemoteTestNGStarter.java:110)
... Removed 24 stack frames]]>
    </failure>
  </testcase> <!-- teamList_TCTL01 -->
  <testcase classname="Testcase.BaseClass" name="@AfterTest teardown" time="0.0">
    <ignored/>
  </testcase> <!-- @AfterTest teardown -->
  <testcase classname="Testcase.BaseClass" name="@AfterTest teardown" time="0.0">
    <ignored/>
  </testcase> <!-- @AfterTest teardown -->
  <testcase classname="Testcase.BaseClass" name="@AfterTest teardown" time="0.0">
    <ignored/>
  </testcase> <!-- @AfterTest teardown -->
  <testcase classname="Testcase.BaseClass" name="@AfterTest teardown" time="0.0">
    <ignored/>
  </testcase> <!-- @AfterTest teardown -->
  <testcase classname="Testcase.BaseClass" name="@AfterTest teardown" time="0.0">
    <ignored/>
  </testcase> <!-- @AfterTest teardown -->
  <testcase classname="Testcase.BaseClass" name="@AfterTest teardown" time="0.0">
    <ignored/>
  </testcase> <!-- @AfterTest teardown -->
  <testcase classname="Testcase.BaseClass" name="@AfterTest teardown" time="0.0">
    <ignored/>
  </testcase> <!-- @AfterTest teardown -->
  <testcase classname="Testcase.BaseClass" name="@BeforeTest setup" time="0.0">
    <ignored/>
  </testcase> <!-- @BeforeTest setup -->
  <testcase classname="Testcase.BaseClass" name="@BeforeTest setup" time="0.0">
    <ignored/>
  </testcase> <!-- @BeforeTest setup -->
  <testcase classname="Testcase.BaseClass" name="@BeforeTest setup" time="0.0">
    <ignored/>
  </testcase> <!-- @BeforeTest setup -->
  <testcase classname="Testcase.BaseClass" name="@BeforeTest setup" time="0.0">
    <ignored/>
  </testcase> <!-- @BeforeTest setup -->
  <testcase classname="Testcase.BaseClass" name="@BeforeTest setup" time="0.0">
    <ignored/>
  </testcase> <!-- @BeforeTest setup -->
  <testcase classname="Testcase.BaseClass" name="@BeforeTest setup" time="0.0">
    <ignored/>
  </testcase> <!-- @BeforeTest setup -->
  <testcase classname="Testcase.BaseClass" name="@BeforeTest setup" time="0.0">
    <ignored/>
  </testcase> <!-- @BeforeTest setup -->
</testsuite> <!-- Stars-Automation-Test -->
