<?xml version="1.0" encoding="UTF-8"?>
<testng-results ignored="0" total="2" passed="1" failed="1" skipped="0">
  <reporter-output>
  </reporter-output>
  <suite started-at="2020-07-03T14:06:22 ICT" name="Default suite" finished-at="2020-07-03T14:07:00 ICT" duration-ms="37659">
    <groups>
    </groups>
    <test started-at="2020-07-03T14:06:22 ICT" name="Default test" finished-at="2020-07-03T14:07:00 ICT" duration-ms="37659">
      <class name="tests.MainScreen">
        <test-method is-config="true" signature="setup()[pri:0, instance:tests.MainScreen@2f112965]" started-at="2020-07-03T14:06:22 ICT" name="setup" finished-at="2020-07-03T14:06:43 ICT" duration-ms="20950" status="PASS">
          <reporter-output>
          </reporter-output>
        </test-method> <!-- setup -->
        <test-method signature="sampleTest()[pri:0, instance:tests.MainScreen@2f112965]" started-at="2020-07-03T14:06:43 ICT" name="sampleTest" finished-at="2020-07-03T14:06:43 ICT" duration-ms="6" status="PASS">
          <reporter-output>
          </reporter-output>
        </test-method> <!-- sampleTest -->
        <test-method signature="mainscreen_TCMC01()[pri:0, instance:tests.MainScreen@2f112965]" started-at="2020-07-03T14:06:43 ICT" name="mainscreen_TCMC01" finished-at="2020-07-03T14:07:00 ICT" duration-ms="16644" status="FAIL">
          <exception class="org.openqa.selenium.UnsupportedCommandException">
            <message>
              <![CDATA[Method has not yet been implemented
Build info: version: '3.141.59', revision: 'e82be7d358', time: '2018-11-14T08:17:03'
System info: host: 'LEON', ip: '192.168.17.101', os.name: 'Windows 10', os.arch: 'amd64', os.version: '10.0', java.version: '13.0.2'
Driver info: io.appium.java_client.AppiumDriver
Capabilities {appActivity: com.pathmazing.stars.ui.act..., appPackage: com.pathmazing.stars, databaseEnabled: false, desired: {appActivity: com.pathmazing.stars.ui.act..., appPackage: com.pathmazing.stars, deviceName: oneplus, platformName: android, platformVersion: 10, udid: 88960370}, deviceApiLevel: 29, deviceManufacturer: OnePlus, deviceModel: ONEPLUS A5010, deviceName: 88960370, deviceScreenDensity: 420, deviceScreenSize: 1080x2160, deviceUDID: 88960370, javascriptEnabled: true, locationContextEnabled: false, networkConnectionEnabled: true, pixelRatio: 2.625, platform: LINUX, platformName: Android, platformVersion: 10, statBarHeight: 63, takesScreenshot: true, udid: 88960370, viewportRect: {height: 2055, left: 0, top: 63, width: 1080}, warnings: {}, webStorageEnabled: false}
Session ID: 7c3677cf-d5a7-43f0-aeb1-c4624f2d1c9b]]>
            </message>
            <full-stacktrace>
              <![CDATA[org.openqa.selenium.UnsupportedCommandException: Method has not yet been implemented
Build info: version: '3.141.59', revision: 'e82be7d358', time: '2018-11-14T08:17:03'
System info: host: 'LEON', ip: '192.168.17.101', os.name: 'Windows 10', os.arch: 'amd64', os.version: '10.0', java.version: '13.0.2'
Driver info: io.appium.java_client.AppiumDriver
Capabilities {appActivity: com.pathmazing.stars.ui.act..., appPackage: com.pathmazing.stars, databaseEnabled: false, desired: {appActivity: com.pathmazing.stars.ui.act..., appPackage: com.pathmazing.stars, deviceName: oneplus, platformName: android, platformVersion: 10, udid: 88960370}, deviceApiLevel: 29, deviceManufacturer: OnePlus, deviceModel: ONEPLUS A5010, deviceName: 88960370, deviceScreenDensity: 420, deviceScreenSize: 1080x2160, deviceUDID: 88960370, javascriptEnabled: true, locationContextEnabled: false, networkConnectionEnabled: true, pixelRatio: 2.625, platform: LINUX, platformName: Android, platformVersion: 10, statBarHeight: 63, takesScreenshot: true, udid: 88960370, viewportRect: {height: 2055, left: 0, top: 63, width: 1080}, warnings: {}, webStorageEnabled: false}
Session ID: 7c3677cf-d5a7-43f0-aeb1-c4624f2d1c9b
at java.base/jdk.internal.reflect.NativeConstructorAccessorImpl.newInstance0(Native Method)
at java.base/jdk.internal.reflect.NativeConstructorAccessorImpl.newInstance(NativeConstructorAccessorImpl.java:62)
at java.base/jdk.internal.reflect.DelegatingConstructorAccessorImpl.newInstance(DelegatingConstructorAccessorImpl.java:45)
at java.base/java.lang.reflect.Constructor.newInstanceWithCaller(Constructor.java:500)
at java.base/java.lang.reflect.Constructor.newInstance(Constructor.java:481)
at org.openqa.selenium.remote.http.W3CHttpResponseCodec.createException(W3CHttpResponseCodec.java:187)
at org.openqa.selenium.remote.http.W3CHttpResponseCodec.decode(W3CHttpResponseCodec.java:122)
at org.openqa.selenium.remote.http.W3CHttpResponseCodec.decode(W3CHttpResponseCodec.java:49)
at org.openqa.selenium.remote.HttpCommandExecutor.execute(HttpCommandExecutor.java:158)
at io.appium.java_client.remote.AppiumCommandExecutor.execute(AppiumCommandExecutor.java:239)
at org.openqa.selenium.remote.RemoteWebDriver.execute(RemoteWebDriver.java:552)
at io.appium.java_client.DefaultGenericMobileDriver.execute(DefaultGenericMobileDriver.java:45)
at io.appium.java_client.AppiumDriver.execute(AppiumDriver.java:1)
at org.openqa.selenium.remote.RemoteWebDriver.getCurrentUrl(RemoteWebDriver.java:287)
at tests.MainScreen.mainscreen_TCMC01(MainScreen.java:27)
at java.base/jdk.internal.reflect.NativeMethodAccessorImpl.invoke0(Native Method)
at java.base/jdk.internal.reflect.NativeMethodAccessorImpl.invoke(NativeMethodAccessorImpl.java:62)
at java.base/jdk.internal.reflect.DelegatingMethodAccessorImpl.invoke(DelegatingMethodAccessorImpl.java:43)
at java.base/java.lang.reflect.Method.invoke(Method.java:567)
at org.testng.internal.MethodInvocationHelper.invokeMethod(MethodInvocationHelper.java:135)
at org.testng.internal.TestInvoker.invokeMethod(TestInvoker.java:598)
at org.testng.internal.TestInvoker.invokeTestMethod(TestInvoker.java:174)
at org.testng.internal.MethodRunner.runInSequence(MethodRunner.java:46)
at org.testng.internal.TestInvoker$MethodInvocationAgent.invoke(TestInvoker.java:821)
at org.testng.internal.TestInvoker.invokeTestMethods(TestInvoker.java:147)
at org.testng.internal.TestMethodWorker.invokeTestMethods(TestMethodWorker.java:146)
at org.testng.internal.TestMethodWorker.run(TestMethodWorker.java:128)
at java.base/java.util.ArrayList.forEach(ArrayList.java:1507)
at org.testng.TestRunner.privateRun(TestRunner.java:767)
at org.testng.TestRunner.run(TestRunner.java:588)
at org.testng.SuiteRunner.runTest(SuiteRunner.java:384)
at org.testng.SuiteRunner.runSequentially(SuiteRunner.java:378)
at org.testng.SuiteRunner.privateRun(SuiteRunner.java:337)
at org.testng.SuiteRunner.run(SuiteRunner.java:286)
at org.testng.SuiteRunnerWorker.runSuite(SuiteRunnerWorker.java:53)
at org.testng.SuiteRunnerWorker.run(SuiteRunnerWorker.java:96)
at org.testng.TestNG.runSuitesSequentially(TestNG.java:1214)
at org.testng.TestNG.runSuitesLocally(TestNG.java:1136)
at org.testng.TestNG.runSuites(TestNG.java:1066)
at org.testng.TestNG.run(TestNG.java:1034)
at org.testng.remote.AbstractRemoteTestNG.run(AbstractRemoteTestNG.java:115)
at org.testng.remote.RemoteTestNG.initAndRun(RemoteTestNG.java:251)
at org.testng.remote.RemoteTestNG.main(RemoteTestNG.java:77)
]]>
            </full-stacktrace>
          </exception> <!-- org.openqa.selenium.UnsupportedCommandException -->
          <reporter-output>
          </reporter-output>
        </test-method> <!-- mainscreen_TCMC01 -->
        <test-method is-config="true" signature="teardown()[pri:0, instance:tests.MainScreen@2f112965]" started-at="2020-07-03T14:07:00 ICT" name="teardown" finished-at="2020-07-03T14:07:00 ICT" duration-ms="1" status="PASS">
          <reporter-output>
          </reporter-output>
        </test-method> <!-- teardown -->
      </class> <!-- tests.MainScreen -->
    </test> <!-- Default test -->
  </suite> <!-- Default suite -->
</testng-results>
